<?xml version="1.0" encoding="UTF-8"?>
<testng-results ignored="0" total="1" passed="1" failed="0" skipped="0">
  <reporter-output>
  </reporter-output>
  <suite started-at="2025-08-20T09:34:10 IST" name="Default suite" finished-at="2025-08-20T09:34:34 IST" duration-ms="23700">
    <groups>
    </groups>
    <test started-at="2025-08-20T09:34:10 IST" name="Default test" finished-at="2025-08-20T09:34:34 IST" duration-ms="23700">
      <class name="org.AppiumFramework.ActualTest">
        <test-method is-config="true" signature="configureAppium()[pri:0, instance:org.AppiumFramework.ActualTest@37911f88]" started-at="2025-08-20T09:34:10 IST" name="configureAppium" finished-at="2025-08-20T09:34:16 IST" duration-ms="5193" status="PASS">
          <reporter-output>
          </reporter-output>
        </test-method> <!-- configureAppium -->
        <test-method signature="checkTest()[pri:0, instance:org.AppiumFramework.ActualTest@37911f88]" started-at="2025-08-20T09:34:16 IST" name="checkTest" finished-at="2025-08-20T09:34:34 IST" duration-ms="18205" status="PASS">
          <reporter-output>
          </reporter-output>
        </test-method> <!-- checkTest -->
        <test-method is-config="true" signature="tearDown()[pri:0, instance:org.AppiumFramework.ActualTest@37911f88]" started-at="2025-08-20T09:34:34 IST" name="tearDown" finished-at="2025-08-20T09:34:34 IST" duration-ms="211" status="PASS">
          <reporter-output>
          </reporter-output>
        </test-method> <!-- tearDown -->
      </class> <!-- org.AppiumFramework.ActualTest -->
    </test> <!-- Default test -->
  </suite> <!-- Default suite -->
</testng-results>
